C:\USERS\ENRONFANCY\DESKTOP\GRASSSIM\GRASSSIM\DEBUG\GRASS.OBJ
C:\USERS\ENRONFANCY\DESKTOP\GRASSSIM\GRASSSIM\DEBUG\MAIN.OBJ
C:\USERS\ENRONFANCY\DESKTOP\GRASSSIM\GRASSSIM\DEBUG\MATHUTILS.OBJ
C:\USERS\ENRONFANCY\DESKTOP\GRASSSIM\GRASSSIM\DEBUG\MATRIX33.OBJ
C:\USERS\ENRONFANCY\DESKTOP\GRASSSIM\GRASSSIM\DEBUG\MATRIX44.OBJ
C:\USERS\ENRONFANCY\DESKTOP\GRASSSIM\GRASSSIM\DEBUG\QUATERNION.OBJ
C:\USERS\ENRONFANCY\DESKTOP\GRASSSIM\GRASSSIM\DEBUG\SIMULATION.OBJ
C:\USERS\ENRONFANCY\DESKTOP\GRASSSIM\GRASSSIM\DEBUG\TRANSFORM.OBJ
C:\USERS\ENRONFANCY\DESKTOP\GRASSSIM\GRASSSIM\DEBUG\VECTOR3D.OBJ
C:\USERS\ENRONFANCY\DESKTOP\GRASSSIM\GRASSSIM\DEBUG\VC110.PDB
C:\USERS\ENRONFANCY\DESKTOP\GRASSSIM\DEBUG\GRASSSIM.ILK
C:\USERS\ENRONFANCY\DESKTOP\GRASSSIM\DEBUG\GRASSSIM.EXE
C:\USERS\ENRONFANCY\DESKTOP\GRASSSIM\DEBUG\GRASSSIM.PDB
C:\Users\Enronfancy\Desktop\grasssim\GrassSim\Debug\Grass.obj
C:\Users\Enronfancy\Desktop\grasssim\GrassSim\Debug\main.obj
C:\Users\Enronfancy\Desktop\grasssim\GrassSim\Debug\mathutils.obj
C:\Users\Enronfancy\Desktop\grasssim\GrassSim\Debug\Matrix33.obj
C:\Users\Enronfancy\Desktop\grasssim\GrassSim\Debug\Matrix44.obj
C:\Users\Enronfancy\Desktop\grasssim\GrassSim\Debug\Quaternion.obj
C:\Users\Enronfancy\Desktop\grasssim\GrassSim\Debug\Simulation.obj
C:\Users\Enronfancy\Desktop\grasssim\GrassSim\Debug\Transform.obj
C:\Users\Enronfancy\Desktop\grasssim\GrassSim\Debug\Vector3D.obj
C:\Users\Enronfancy\Desktop\grasssim\GrassSim\Debug\cl.command.1.tlog
C:\Users\Enronfancy\Desktop\grasssim\GrassSim\Debug\CL.read.1.tlog
C:\Users\Enronfancy\Desktop\grasssim\GrassSim\Debug\CL.write.1.tlog
C:\Users\Enronfancy\Desktop\grasssim\GrassSim\Debug\link-cvtres.read.1.tlog
C:\Users\Enronfancy\Desktop\grasssim\GrassSim\Debug\link-cvtres.write.1.tlog
C:\Users\Enronfancy\Desktop\grasssim\GrassSim\Debug\link-rc.read.1.tlog
C:\Users\Enronfancy\Desktop\grasssim\GrassSim\Debug\link-rc.write.1.tlog
C:\Users\Enronfancy\Desktop\grasssim\GrassSim\Debug\link.50220-cvtres.read.1.tlog
C:\Users\Enronfancy\Desktop\grasssim\GrassSim\Debug\link.50220-cvtres.write.1.tlog
C:\Users\Enronfancy\Desktop\grasssim\GrassSim\Debug\link.50220-rc.read.1.tlog
C:\Users\Enronfancy\Desktop\grasssim\GrassSim\Debug\link.50220-rc.write.1.tlog
C:\Users\Enronfancy\Desktop\grasssim\GrassSim\Debug\link.50220.read.1.tlog
C:\Users\Enronfancy\Desktop\grasssim\GrassSim\Debug\link.50220.write.1.tlog
C:\Users\Enronfancy\Desktop\grasssim\GrassSim\Debug\link.53712-cvtres.read.1.tlog
C:\Users\Enronfancy\Desktop\grasssim\GrassSim\Debug\link.53712-cvtres.write.1.tlog
C:\Users\Enronfancy\Desktop\grasssim\GrassSim\Debug\link.53712-rc.read.1.tlog
C:\Users\Enronfancy\Desktop\grasssim\GrassSim\Debug\link.53712-rc.write.1.tlog
C:\Users\Enronfancy\Desktop\grasssim\GrassSim\Debug\link.53712.read.1.tlog
C:\Users\Enronfancy\Desktop\grasssim\GrassSim\Debug\link.53712.write.1.tlog
C:\Users\Enronfancy\Desktop\grasssim\GrassSim\Debug\link.54728-cvtres.read.1.tlog
C:\Users\Enronfancy\Desktop\grasssim\GrassSim\Debug\link.54728-cvtres.write.1.tlog
C:\Users\Enronfancy\Desktop\grasssim\GrassSim\Debug\link.54728-rc.read.1.tlog
C:\Users\Enronfancy\Desktop\grasssim\GrassSim\Debug\link.54728-rc.write.1.tlog
C:\Users\Enronfancy\Desktop\grasssim\GrassSim\Debug\link.54728.read.1.tlog
C:\Users\Enronfancy\Desktop\grasssim\GrassSim\Debug\link.54728.write.1.tlog
C:\Users\Enronfancy\Desktop\grasssim\GrassSim\Debug\link.55056-cvtres.read.1.tlog
C:\Users\Enronfancy\Desktop\grasssim\GrassSim\Debug\link.55056-cvtres.write.1.tlog
C:\Users\Enronfancy\Desktop\grasssim\GrassSim\Debug\link.55056-rc.read.1.tlog
C:\Users\Enronfancy\Desktop\grasssim\GrassSim\Debug\link.55056-rc.write.1.tlog
C:\Users\Enronfancy\Desktop\grasssim\GrassSim\Debug\link.55056.read.1.tlog
C:\Users\Enronfancy\Desktop\grasssim\GrassSim\Debug\link.55056.write.1.tlog
C:\Users\Enronfancy\Desktop\grasssim\GrassSim\Debug\link.56572-cvtres.read.1.tlog
C:\Users\Enronfancy\Desktop\grasssim\GrassSim\Debug\link.56572-cvtres.write.1.tlog
C:\Users\Enronfancy\Desktop\grasssim\GrassSim\Debug\link.56572-rc.read.1.tlog
C:\Users\Enronfancy\Desktop\grasssim\GrassSim\Debug\link.56572-rc.write.1.tlog
C:\Users\Enronfancy\Desktop\grasssim\GrassSim\Debug\link.56572.read.1.tlog
C:\Users\Enronfancy\Desktop\grasssim\GrassSim\Debug\link.56572.write.1.tlog
C:\Users\Enronfancy\Desktop\grasssim\GrassSim\Debug\link.56812-cvtres.read.1.tlog
C:\Users\Enronfancy\Desktop\grasssim\GrassSim\Debug\link.56812-cvtres.write.1.tlog
C:\Users\Enronfancy\Desktop\grasssim\GrassSim\Debug\link.56812-rc.read.1.tlog
C:\Users\Enronfancy\Desktop\grasssim\GrassSim\Debug\link.56812-rc.write.1.tlog
C:\Users\Enronfancy\Desktop\grasssim\GrassSim\Debug\link.56812.read.1.tlog
C:\Users\Enronfancy\Desktop\grasssim\GrassSim\Debug\link.56812.write.1.tlog
C:\Users\Enronfancy\Desktop\grasssim\GrassSim\Debug\link.56940-cvtres.read.1.tlog
C:\Users\Enronfancy\Desktop\grasssim\GrassSim\Debug\link.56940-cvtres.write.1.tlog
C:\Users\Enronfancy\Desktop\grasssim\GrassSim\Debug\link.56940-rc.read.1.tlog
C:\Users\Enronfancy\Desktop\grasssim\GrassSim\Debug\link.56940-rc.write.1.tlog
C:\Users\Enronfancy\Desktop\grasssim\GrassSim\Debug\link.56940.read.1.tlog
C:\Users\Enronfancy\Desktop\grasssim\GrassSim\Debug\link.56940.write.1.tlog
C:\Users\Enronfancy\Desktop\grasssim\GrassSim\Debug\link.6200-cvtres.read.1.tlog
C:\Users\Enronfancy\Desktop\grasssim\GrassSim\Debug\link.6200-cvtres.write.1.tlog
C:\Users\Enronfancy\Desktop\grasssim\GrassSim\Debug\link.6200-rc.read.1.tlog
C:\Users\Enronfancy\Desktop\grasssim\GrassSim\Debug\link.6200-rc.write.1.tlog
C:\Users\Enronfancy\Desktop\grasssim\GrassSim\Debug\link.6200.read.1.tlog
C:\Users\Enronfancy\Desktop\grasssim\GrassSim\Debug\link.6200.write.1.tlog
C:\Users\Enronfancy\Desktop\grasssim\GrassSim\Debug\link.7340-cvtres.read.1.tlog
C:\Users\Enronfancy\Desktop\grasssim\GrassSim\Debug\link.7340-cvtres.write.1.tlog
C:\Users\Enronfancy\Desktop\grasssim\GrassSim\Debug\link.7340-rc.read.1.tlog
C:\Users\Enronfancy\Desktop\grasssim\GrassSim\Debug\link.7340-rc.write.1.tlog
C:\Users\Enronfancy\Desktop\grasssim\GrassSim\Debug\link.7340.read.1.tlog
C:\Users\Enronfancy\Desktop\grasssim\GrassSim\Debug\link.7340.write.1.tlog
C:\Users\Enronfancy\Desktop\grasssim\GrassSim\Debug\link.9016-cvtres.read.1.tlog
C:\Users\Enronfancy\Desktop\grasssim\GrassSim\Debug\link.9016-cvtres.write.1.tlog
C:\Users\Enronfancy\Desktop\grasssim\GrassSim\Debug\link.9016-rc.read.1.tlog
C:\Users\Enronfancy\Desktop\grasssim\GrassSim\Debug\link.9016-rc.write.1.tlog
C:\Users\Enronfancy\Desktop\grasssim\GrassSim\Debug\link.9016.read.1.tlog
C:\Users\Enronfancy\Desktop\grasssim\GrassSim\Debug\link.9016.write.1.tlog
C:\Users\Enronfancy\Desktop\grasssim\GrassSim\Debug\link.9676-cvtres.read.1.tlog
C:\Users\Enronfancy\Desktop\grasssim\GrassSim\Debug\link.9676-cvtres.write.1.tlog
C:\Users\Enronfancy\Desktop\grasssim\GrassSim\Debug\link.9676-rc.read.1.tlog
C:\Users\Enronfancy\Desktop\grasssim\GrassSim\Debug\link.9676-rc.write.1.tlog
C:\Users\Enronfancy\Desktop\grasssim\GrassSim\Debug\link.9676.read.1.tlog
C:\Users\Enronfancy\Desktop\grasssim\GrassSim\Debug\link.9676.write.1.tlog
C:\Users\Enronfancy\Desktop\grasssim\GrassSim\Debug\link.command.1.tlog
C:\Users\Enronfancy\Desktop\grasssim\GrassSim\Debug\link.read.1.tlog
C:\Users\Enronfancy\Desktop\grasssim\GrassSim\Debug\link.write.1.tlog
C:\Users\Enronfancy\Desktop\grasssim\GrassSim\Debug\vc110.idb
C:\Users\Enronfancy\Desktop\grasssim\GrassSim\Debug\vc110.pdb
C:\Users\Enronfancy\Desktop\grasssim\Debug\GrassSim.pdb
C:\Users\Enronfancy\Desktop\grasssim\Debug\GrassSim.exe
C:\Users\Enronfancy\Desktop\grasssim\Debug\GrassSim.ilk
