生成启动时间为 2015/5/19 15:40:26。
     1>项目“C:\Users\Enronfancy\Desktop\grasssim\GrassSim\GrassSim.vcxproj”在节点 2 上(Build 个目标)。
     1>ClCompile:
         C:\Program Files (x86)\Microsoft Visual Studio 11.0\VC\bin\CL.exe /c /ZI /nologo /W3 /WX- /Od /Oy- /D WIN32 /D _DEBUG /D _CONSOLE /D _UNICODE /D UNICODE /Gm /EHsc /RTC1 /MDd /GS /fp:precise /Zc:wchar_t /Zc:forScope /Fo"Debug\\" /Fd"Debug\vc110.pdb" /Gd /TP /analyze- /errorReport:prompt Grass.cpp main.cpp mathutils.cpp Matrix33.cpp Matrix44.cpp Quaternion.cpp Simulation.cpp Transform.cpp Vector3D.cpp
         Vector3D.cpp
         Transform.cpp
         Simulation.cpp
     1>c:\users\enronfancy\desktop\grasssim\grasssim\simulation.cpp(507): warning C4244: “初始化”: 从“float”转换到“int”，可能丢失数据
     1>c:\users\enronfancy\desktop\grasssim\grasssim\simulation.cpp(508): warning C4244: “初始化”: 从“float”转换到“int”，可能丢失数据
         Quaternion.cpp
         Matrix44.cpp
         Matrix33.cpp
         mathutils.cpp
         main.cpp
         Grass.cpp
         正在生成代码...
       Link:
         C:\Program Files (x86)\Microsoft Visual Studio 11.0\VC\bin\link.exe /ERRORREPORT:PROMPT /OUT:"C:\Users\Enronfancy\Desktop\grasssim\Debug\GrassSim.exe" /INCREMENTAL /NOLOGO kernel32.lib user32.lib gdi32.lib winspool.lib comdlg32.lib advapi32.lib shell32.lib ole32.lib oleaut32.lib uuid.lib odbc32.lib odbccp32.lib /MANIFEST /MANIFESTUAC:"level='asInvoker' uiAccess='false'" /manifest:embed /DEBUG /PDB:"C:\Users\Enronfancy\Desktop\grasssim\Debug\GrassSim.pdb" /SUBSYSTEM:CONSOLE /TLBID:1 /DYNAMICBASE /NXCOMPAT /IMPLIB:"C:\Users\Enronfancy\Desktop\grasssim\Debug\GrassSim.lib" /MACHINE:X86 Debug\Grass.obj
         Debug\main.obj
         Debug\mathutils.obj
         Debug\Matrix33.obj
         Debug\Matrix44.obj
         Debug\Quaternion.obj
         Debug\Simulation.obj
         Debug\Transform.obj
         Debug\Vector3D.obj
         LINK : 没有找到 C:\Users\Enronfancy\Desktop\grasssim\Debug\GrassSim.exe 或上一个增量链接没有生成它；正在执行完全链接
         GrassSim.vcxproj -> C:\Users\Enronfancy\Desktop\grasssim\Debug\GrassSim.exe
     1>已完成生成项目“C:\Users\Enronfancy\Desktop\grasssim\GrassSim\GrassSim.vcxproj”(Build 个目标)的操作。

生成成功。

已用时间 00:00:04.37
